<?xml version="1.0" encoding="UTF-8"?>
<!-- Generated by org.testng.reporters.JUnitReportReporter -->
<testsuite skipped="0" hostname="mindc1d272" name="Hotel.Bonvoy.AppTest" tests="3" failures="0" timestamp="21 May 2022 05:34:34 GMT" time="72.780" errors="0">
  <testcase name="test2" time="18.532" classname="Hotel.Bonvoy.AppTest"/>
  <testcase name="test3" time="19.032" classname="Hotel.Bonvoy.AppTest"/>
  <testcase name="test1" time="35.216" classname="Hotel.Bonvoy.AppTest"/>
</testsuite> <!-- Hotel.Bonvoy.AppTest -->
